[2017-10-25 14:28:45] Simulator.INFO: Starting the simulation. [] []
[2017-10-25 14:28:46] Simulator.INFO: Wilton Runolfsdottir is making a bet. [] []
[2017-10-25 14:28:46] Simulator.INFO: Vincent Bashirian is making a bet. [] []
[2017-10-25 14:28:46] Simulator.INFO: Diana Predovic is making a bet. [] []
[2017-10-25 14:28:46] Simulator.INFO: Clint Bahringer is making a bet. [] []
[2017-10-25 14:28:46] Simulator.INFO: Oren Homenick is making a bet. [] []
[2017-10-25 14:28:46] Simulator.INFO: Agustina Klein is making a bet. [] []
[2017-10-25 14:28:46] Simulator.INFO: Modesta Rosenbaum is making a bet. [] []
[2017-10-25 14:28:46] Simulator.INFO: Diana Predovic wins 446. [] []
[2017-10-25 14:28:46] Simulator.INFO: Oren Homenick wins 132. [] []
[2017-10-25 14:28:46] Simulator.INFO: Agustina Klein wins 50. [] []
[2017-10-25 14:28:46] Simulator.INFO: Wilton Runolfsdottir is making a bet. [] []
[2017-10-25 14:28:46] Simulator.INFO: Vincent Bashirian is making a bet. [] []
[2017-10-25 14:28:46] Simulator.INFO: Diana Predovic is making a bet. [] []
[2017-10-25 14:28:46] Simulator.INFO: Clint Bahringer is making a bet. [] []
[2017-10-25 14:28:46] Simulator.INFO: Oren Homenick is making a bet. [] []
[2017-10-25 14:28:46] Simulator.INFO: Agustina Klein is making a bet. [] []
[2017-10-25 14:28:46] Simulator.INFO: Modesta Rosenbaum is making a bet. [] []
[2017-10-25 14:28:46] Simulator.INFO: Vincent Bashirian wins 196. [] []
[2017-10-25 14:28:46] Simulator.INFO: Oren Homenick wins 176. [] []
[2017-10-25 14:28:46] Simulator.INFO: Agustina Klein wins 120. [] []
[2017-10-25 14:28:46] Simulator.INFO: Wilton Runolfsdottir is making a bet. [] []
[2017-10-25 14:28:46] Simulator.INFO: Vincent Bashirian is making a bet. [] []
[2017-10-25 14:28:46] Simulator.INFO: Diana Predovic is making a bet. [] []
[2017-10-25 14:28:46] Simulator.INFO: Clint Bahringer is making a bet. [] []
[2017-10-25 14:28:46] Simulator.INFO: Oren Homenick is making a bet. [] []
[2017-10-25 14:28:46] Simulator.INFO: Agustina Klein is making a bet. [] []
[2017-10-25 14:28:46] Simulator.INFO: Modesta Rosenbaum is making a bet. [] []
[2017-10-25 14:28:46] Simulator.INFO: Diana Predovic wins 804. [] []
[2017-10-25 14:28:46] Simulator.INFO: Wilton Runolfsdottir is making a bet. [] []
[2017-10-25 14:28:46] Simulator.INFO: Vincent Bashirian is making a bet. [] []
[2017-10-25 14:28:46] Simulator.INFO: Diana Predovic is making a bet. [] []
[2017-10-25 14:28:46] Simulator.INFO: Clint Bahringer is making a bet. [] []
[2017-10-25 14:28:46] Simulator.INFO: Oren Homenick is making a bet. [] []
[2017-10-25 14:28:46] Simulator.INFO: Agustina Klein is making a bet. [] []
[2017-10-25 14:28:46] Simulator.INFO: Modesta Rosenbaum is making a bet. [] []
[2017-10-25 14:28:46] Simulator.INFO: Vincent Bashirian wins 140. [] []
[2017-10-25 14:28:46] Simulator.INFO: Wilton Runolfsdottir is making a bet. [] []
[2017-10-25 14:28:46] Simulator.INFO: Vincent Bashirian is making a bet. [] []
[2017-10-25 14:28:46] Simulator.INFO: Diana Predovic is making a bet. [] []
[2017-10-25 14:28:46] Simulator.INFO: Clint Bahringer is making a bet. [] []
[2017-10-25 14:28:46] Simulator.INFO: Oren Homenick is making a bet. [] []
[2017-10-25 14:28:46] Simulator.INFO: Agustina Klein is making a bet. [] []
[2017-10-25 14:28:46] Simulator.INFO: Modesta Rosenbaum has lost. Player lost: 455 [] []
[2017-10-25 14:28:46] Simulator.INFO: Modesta Rosenbaum is being removed from simulation. [] []
[2017-10-25 14:28:46] Simulator.INFO: Diana Predovic wins 720. [] []
[2017-10-25 14:28:46] Simulator.INFO: Oren Homenick wins 504. [] []
[2017-10-25 14:28:46] Simulator.INFO: Agustina Klein wins 280. [] []
[2017-10-25 14:28:46] Simulator.INFO: Wilton Runolfsdottir is making a bet. [] []
[2017-10-25 14:28:46] Simulator.INFO: Vincent Bashirian is making a bet. [] []
[2017-10-25 14:28:46] Simulator.INFO: Diana Predovic is making a bet. [] []
[2017-10-25 14:28:46] Simulator.INFO: Clint Bahringer is making a bet. [] []
[2017-10-25 14:28:46] Simulator.INFO: Oren Homenick is making a bet. [] []
[2017-10-25 14:28:46] Simulator.INFO: Agustina Klein is making a bet. [] []
[2017-10-25 14:28:46] Simulator.INFO: Vincent Bashirian wins 128. [] []
[2017-10-25 14:28:46] Simulator.INFO: Clint Bahringer wins 864. [] []
[2017-10-25 14:28:46] Simulator.INFO: Wilton Runolfsdottir is making a bet. [] []
[2017-10-25 14:28:46] Simulator.INFO: Vincent Bashirian is making a bet. [] []
[2017-10-25 14:28:46] Simulator.INFO: Diana Predovic is making a bet. [] []
[2017-10-25 14:28:46] Simulator.INFO: Clint Bahringer is making a bet. [] []
[2017-10-25 14:28:46] Simulator.INFO: Oren Homenick is making a bet. [] []
[2017-10-25 14:28:46] Simulator.INFO: Agustina Klein is making a bet. [] []
[2017-10-25 14:28:46] Simulator.INFO: Diana Predovic wins 1036. [] []
[2017-10-25 14:28:46] Simulator.INFO: Wilton Runolfsdottir is making a bet. [] []
[2017-10-25 14:28:46] Simulator.INFO: Vincent Bashirian is making a bet. [] []
[2017-10-25 14:28:46] Simulator.INFO: Diana Predovic is making a bet. [] []
[2017-10-25 14:28:46] Simulator.INFO: Clint Bahringer is making a bet. [] []
[2017-10-25 14:28:46] Simulator.INFO: Oren Homenick is making a bet. [] []
[2017-10-25 14:28:46] Simulator.INFO: Agustina Klein is making a bet. [] []
[2017-10-25 14:28:46] Simulator.INFO: Vincent Bashirian wins 188. [] []
[2017-10-25 14:28:46] Simulator.INFO: Oren Homenick wins 760. [] []
[2017-10-25 14:28:46] Simulator.INFO: Agustina Klein wins 752. [] []
[2017-10-25 14:28:46] Simulator.INFO: Wilton Runolfsdottir is making a bet. [] []
[2017-10-25 14:28:46] Simulator.INFO: Vincent Bashirian is making a bet. [] []
[2017-10-25 14:28:46] Simulator.INFO: Diana Predovic is making a bet. [] []
[2017-10-25 14:28:46] Simulator.INFO: Clint Bahringer is making a bet. [] []
[2017-10-25 14:28:46] Simulator.INFO: Oren Homenick is making a bet. [] []
[2017-10-25 14:28:46] Simulator.INFO: Agustina Klein is making a bet. [] []
[2017-10-25 14:28:46] Simulator.INFO: Vincent Bashirian wins 70. [] []
[2017-10-25 14:28:46] Simulator.INFO: Oren Homenick wins 156. [] []
[2017-10-25 14:28:46] Simulator.INFO: Agustina Klein wins 188. [] []
[2017-10-25 14:28:46] Simulator.INFO: Wilton Runolfsdottir is making a bet. [] []
[2017-10-25 14:28:46] Simulator.INFO: Vincent Bashirian is making a bet. [] []
[2017-10-25 14:28:46] Simulator.INFO: Diana Predovic is making a bet. [] []
[2017-10-25 14:28:46] Simulator.INFO: Clint Bahringer is making a bet. [] []
[2017-10-25 14:28:46] Simulator.INFO: Oren Homenick is making a bet. [] []
[2017-10-25 14:28:46] Simulator.INFO: Agustina Klein is making a bet. [] []
[2017-10-25 14:28:46] Simulator.INFO: Diana Predovic wins 1728. [] []
[2017-10-25 14:28:46] Simulator.INFO: Wilton Runolfsdottir is making a bet. [] []
[2017-10-25 14:28:46] Simulator.INFO: Vincent Bashirian is making a bet. [] []
[2017-10-25 14:28:46] Simulator.INFO: Diana Predovic is making a bet. [] []
[2017-10-25 14:28:46] Simulator.INFO: Clint Bahringer is making a bet. [] []
[2017-10-25 14:28:46] Simulator.INFO: Oren Homenick is making a bet. [] []
[2017-10-25 14:28:46] Simulator.INFO: Agustina Klein is making a bet. [] []
[2017-10-25 14:28:46] Simulator.INFO: Wilton Runolfsdottir wins 540. [] []
[2017-10-25 14:28:46] Simulator.INFO: Diana Predovic wins 446. [] []
[2017-10-25 14:28:46] Simulator.INFO: Wilton Runolfsdottir is making a bet. [] []
[2017-10-25 14:28:46] Simulator.INFO: Vincent Bashirian is making a bet. [] []
[2017-10-25 14:28:46] Simulator.INFO: Diana Predovic is making a bet. [] []
[2017-10-25 14:28:46] Simulator.INFO: Clint Bahringer is making a bet. [] []
[2017-10-25 14:28:46] Simulator.INFO: Oren Homenick is making a bet. [] []
[2017-10-25 14:28:46] Simulator.INFO: Agustina Klein is making a bet. [] []
[2017-10-25 14:28:46] Simulator.INFO: Diana Predovic wins 418. [] []
[2017-10-25 14:28:46] Simulator.INFO: Wilton Runolfsdottir is making a bet. [] []
[2017-10-25 14:28:46] Simulator.INFO: Vincent Bashirian is making a bet. [] []
[2017-10-25 14:28:46] Simulator.INFO: Diana Predovic is making a bet. [] []
[2017-10-25 14:28:46] Simulator.INFO: Clint Bahringer is making a bet. [] []
[2017-10-25 14:28:46] Simulator.INFO: Oren Homenick is making a bet. [] []
[2017-10-25 14:28:46] Simulator.INFO: Agustina Klein is making a bet. [] []
[2017-10-25 14:28:46] Simulator.INFO: Vincent Bashirian wins 240. [] []
[2017-10-25 14:28:46] Simulator.INFO: Wilton Runolfsdottir is making a bet. [] []
[2017-10-25 14:28:46] Simulator.INFO: Vincent Bashirian is making a bet. [] []
[2017-10-25 14:28:46] Simulator.INFO: Diana Predovic is making a bet. [] []
[2017-10-25 14:28:46] Simulator.INFO: Clint Bahringer is making a bet. [] []
[2017-10-25 14:28:46] Simulator.INFO: Oren Homenick has lost. Player lost: 244 [] []
[2017-10-25 14:28:46] Simulator.INFO: Oren Homenick is being removed from simulation. [] []
[2017-10-25 14:28:46] Simulator.INFO: Agustina Klein has lost. Player lost: 496 [] []
[2017-10-25 14:28:46] Simulator.INFO: Agustina Klein is being removed from simulation. [] []
[2017-10-25 14:28:46] Simulator.INFO: Diana Predovic wins 948. [] []
[2017-10-25 14:28:46] Simulator.INFO: Wilton Runolfsdottir is making a bet. [] []
[2017-10-25 14:28:46] Simulator.INFO: Vincent Bashirian is making a bet. [] []
[2017-10-25 14:28:46] Simulator.INFO: Diana Predovic is making a bet. [] []
[2017-10-25 14:28:46] Simulator.INFO: Clint Bahringer is making a bet. [] []
[2017-10-25 14:28:46] Simulator.INFO: Diana Predovic wins 546. [] []
[2017-10-25 14:28:46] Simulator.INFO: Wilton Runolfsdottir is making a bet. [] []
[2017-10-25 14:28:46] Simulator.INFO: Vincent Bashirian is making a bet. [] []
[2017-10-25 14:28:46] Simulator.INFO: Diana Predovic is making a bet. [] []
[2017-10-25 14:28:46] Simulator.INFO: Clint Bahringer is making a bet. [] []
[2017-10-25 14:28:46] Simulator.INFO: Vincent Bashirian wins 328. [] []
[2017-10-25 14:28:46] Simulator.INFO: Wilton Runolfsdottir is making a bet. [] []
[2017-10-25 14:28:46] Simulator.INFO: Vincent Bashirian is making a bet. [] []
[2017-10-25 14:28:46] Simulator.INFO: Diana Predovic is making a bet. [] []
[2017-10-25 14:28:46] Simulator.INFO: Clint Bahringer is making a bet. [] []
[2017-10-25 14:28:46] Simulator.INFO: Diana Predovic wins 948. [] []
[2017-10-25 14:28:46] Simulator.INFO: Wilton Runolfsdottir is making a bet. [] []
[2017-10-25 14:28:46] Simulator.INFO: Vincent Bashirian is making a bet. [] []
[2017-10-25 14:28:46] Simulator.INFO: Diana Predovic is making a bet. [] []
[2017-10-25 14:28:46] Simulator.INFO: Clint Bahringer is making a bet. [] []
[2017-10-25 14:28:46] Simulator.INFO: Diana Predovic wins 388. [] []
[2017-10-25 14:28:46] Simulator.INFO: Wilton Runolfsdottir is making a bet. [] []
[2017-10-25 14:28:46] Simulator.INFO: Vincent Bashirian is making a bet. [] []
[2017-10-25 14:28:46] Simulator.INFO: Diana Predovic is making a bet. [] []
[2017-10-25 14:28:46] Simulator.INFO: Clint Bahringer has lost. Player lost: 724 [] []
[2017-10-25 14:28:46] Simulator.INFO: Clint Bahringer is being removed from simulation. [] []
[2017-10-25 14:28:46] Simulator.INFO: Vincent Bashirian wins 464. [] []
[2017-10-25 14:28:46] Simulator.INFO: Wilton Runolfsdottir is making a bet. [] []
[2017-10-25 14:28:46] Simulator.INFO: Vincent Bashirian is making a bet. [] []
[2017-10-25 14:28:46] Simulator.INFO: Diana Predovic is making a bet. [] []
[2017-10-25 14:28:46] Simulator.INFO: Vincent Bashirian wins 64. [] []
[2017-10-25 14:28:46] Simulator.INFO: Wilton Runolfsdottir is making a bet. [] []
[2017-10-25 14:28:46] Simulator.INFO: Vincent Bashirian is making a bet. [] []
[2017-10-25 14:28:46] Simulator.INFO: Diana Predovic is making a bet. [] []
[2017-10-25 14:28:46] Simulator.INFO: Vincent Bashirian wins 30. [] []
[2017-10-25 14:28:46] Simulator.INFO: Wilton Runolfsdottir is making a bet. [] []
[2017-10-25 14:28:46] Simulator.INFO: Vincent Bashirian is making a bet. [] []
[2017-10-25 14:28:46] Simulator.INFO: Diana Predovic is making a bet. [] []
[2017-10-25 14:28:46] Simulator.INFO: Diana Predovic wins 2992. [] []
[2017-10-25 14:28:46] Simulator.INFO: Wilton Runolfsdottir is making a bet. [] []
[2017-10-25 14:28:46] Simulator.INFO: Vincent Bashirian is making a bet. [] []
[2017-10-25 14:28:46] Simulator.INFO: Diana Predovic is making a bet. [] []
[2017-10-25 14:28:46] Simulator.INFO: Diana Predovic wins 388. [] []
[2017-10-25 14:28:46] Simulator.INFO: Wilton Runolfsdottir has lost. Player lost: 373 [] []
[2017-10-25 14:28:46] Simulator.INFO: Wilton Runolfsdottir is being removed from simulation. [] []
[2017-10-25 14:28:46] Simulator.INFO: Vincent Bashirian is making a bet. [] []
[2017-10-25 14:28:46] Simulator.INFO: Diana Predovic is making a bet. [] []
[2017-10-25 14:28:46] Simulator.INFO: Vincent Bashirian wins 232. [] []
[2017-10-25 14:28:46] Simulator.INFO: Vincent Bashirian is making a bet. [] []
[2017-10-25 14:28:46] Simulator.INFO: Diana Predovic is making a bet. [] []
[2017-10-25 14:28:46] Simulator.INFO: Vincent Bashirian wins 82. [] []
[2017-10-25 14:28:46] Simulator.INFO: Vincent Bashirian is making a bet. [] []
[2017-10-25 14:28:46] Simulator.INFO: Diana Predovic is making a bet. [] []
[2017-10-25 14:28:46] Simulator.INFO: Diana Predovic wins 1784. [] []
[2017-10-25 14:28:46] Simulator.INFO: Vincent Bashirian is making a bet. [] []
[2017-10-25 14:28:46] Simulator.INFO: Diana Predovic is making a bet. [] []
[2017-10-25 14:28:46] Simulator.INFO: Diana Predovic wins 460. [] []
[2017-10-25 14:28:46] Simulator.INFO: Vincent Bashirian is making a bet. [] []
[2017-10-25 14:28:46] Simulator.INFO: Diana Predovic is making a bet. [] []
[2017-10-25 14:28:46] Simulator.INFO: Diana Predovic wins 360. [] []
[2017-10-25 14:28:46] Simulator.INFO: Vincent Bashirian is making a bet. [] []
[2017-10-25 14:28:46] Simulator.INFO: Diana Predovic is making a bet. [] []
[2017-10-25 14:28:46] Simulator.INFO: Vincent Bashirian wins 368. [] []
[2017-10-25 14:28:46] Simulator.INFO: Vincent Bashirian is making a bet. [] []
[2017-10-25 14:28:46] Simulator.INFO: Diana Predovic is making a bet. [] []
[2017-10-25 14:28:46] Simulator.INFO: Vincent Bashirian wins 40. [] []
[2017-10-25 14:28:46] Simulator.INFO: Vincent Bashirian is making a bet. [] []
[2017-10-25 14:28:46] Simulator.INFO: Diana Predovic is making a bet. [] []
[2017-10-25 14:28:46] Simulator.INFO: Diana Predovic wins 2072. [] []
[2017-10-25 14:28:46] Simulator.INFO: Vincent Bashirian is making a bet. [] []
[2017-10-25 14:28:46] Simulator.INFO: Diana Predovic is making a bet. [] []
[2017-10-25 14:28:46] Simulator.INFO: Vincent Bashirian wins 68. [] []
[2017-10-25 14:28:46] Simulator.INFO: Vincent Bashirian is making a bet. [] []
[2017-10-25 14:28:46] Simulator.INFO: Diana Predovic is making a bet. [] []
[2017-10-25 14:28:46] Simulator.INFO: Diana Predovic wins 864. [] []
[2017-10-25 14:28:46] Simulator.INFO: Vincent Bashirian is making a bet. [] []
[2017-10-25 14:28:46] Simulator.INFO: Diana Predovic is making a bet. [] []
[2017-10-25 14:28:46] Simulator.INFO: Diana Predovic wins 360. [] []
[2017-10-25 14:28:46] Simulator.INFO: Vincent Bashirian is making a bet. [] []
[2017-10-25 14:28:46] Simulator.INFO: Diana Predovic is making a bet. [] []
[2017-10-25 14:28:46] Simulator.INFO: Diana Predovic wins 532. [] []
[2017-10-25 14:28:46] Simulator.INFO: Vincent Bashirian is making a bet. [] []
[2017-10-25 14:28:46] Simulator.INFO: Diana Predovic is making a bet. [] []
[2017-10-25 14:28:46] Simulator.INFO: Diana Predovic wins 546. [] []
[2017-10-25 14:28:46] Simulator.INFO: Vincent Bashirian is making a bet. [] []
[2017-10-25 14:28:46] Simulator.INFO: Diana Predovic is making a bet. [] []
[2017-10-25 14:28:46] Simulator.INFO: Vincent Bashirian wins 1568. [] []
[2017-10-25 14:28:46] Simulator.INFO: Vincent Bashirian has won. Initial buy-in: 291. Final amount: 1568 [] []
[2017-10-25 14:28:46] Simulator.INFO: Vincent Bashirian is being removed from simulation. [] []
[2017-10-25 14:28:46] Simulator.INFO: Diana Predovic is making a bet. [] []
[2017-10-25 14:28:46] Simulator.INFO: Diana Predovic is making a bet. [] []
[2017-10-25 14:28:46] Simulator.INFO: Diana Predovic wins 1608. [] []
[2017-10-25 14:28:46] Simulator.INFO: Diana Predovic is making a bet. [] []
[2017-10-25 14:28:46] Simulator.INFO: Diana Predovic wins 488. [] []
[2017-10-25 14:28:46] Simulator.INFO: Diana Predovic is making a bet. [] []
[2017-10-25 14:28:46] Simulator.INFO: Diana Predovic wins 460. [] []
[2017-10-25 14:28:46] Simulator.INFO: Diana Predovic is making a bet. [] []
[2017-10-25 14:28:46] Simulator.INFO: Diana Predovic wins 432. [] []
[2017-10-25 14:28:46] Simulator.INFO: Diana Predovic is making a bet. [] []
[2017-10-25 14:28:46] Simulator.INFO: Diana Predovic is making a bet. [] []
[2017-10-25 14:28:46] Simulator.INFO: Diana Predovic is making a bet. [] []
[2017-10-25 14:28:46] Simulator.INFO: Diana Predovic is making a bet. [] []
[2017-10-25 14:28:46] Simulator.INFO: Diana Predovic is making a bet. [] []
[2017-10-25 14:28:46] Simulator.INFO: Diana Predovic wins 6688. [] []
[2017-10-25 14:28:46] Simulator.INFO: Diana Predovic is making a bet. [] []
[2017-10-25 14:28:46] Simulator.INFO: Diana Predovic wins 446. [] []
[2017-10-25 14:28:46] Simulator.INFO: Diana Predovic is making a bet. [] []
[2017-10-25 14:28:46] Simulator.INFO: Diana Predovic wins 532. [] []
[2017-10-25 14:28:46] Simulator.INFO: Diana Predovic is making a bet. [] []
[2017-10-25 14:28:46] Simulator.INFO: Diana Predovic is making a bet. [] []
[2017-10-25 14:28:46] Simulator.INFO: Diana Predovic is making a bet. [] []
[2017-10-25 14:28:46] Simulator.INFO: Diana Predovic is making a bet. [] []
[2017-10-25 14:28:46] Simulator.INFO: Diana Predovic wins 3344. [] []
[2017-10-25 14:28:46] Simulator.INFO: Diana Predovic has won. Initial buy-in: 719. Final amount: 7386 [] []
[2017-10-25 14:28:46] Simulator.INFO: Diana Predovic is being removed from simulation. [] []
[2017-10-25 14:28:46] Simulator.INFO: Simulation has ended. [] []
[2017-10-25 14:28:53] Simulator.INFO: Starting the simulation. [] []
[2017-10-25 14:28:53] Simulator.INFO: Vance Kessler is making a bet. [] []
[2017-10-25 14:28:53] Simulator.INFO: Cristal Kub is making a bet. [] []
[2017-10-25 14:28:53] Simulator.INFO: Ross Koepp is making a bet. [] []
[2017-10-25 14:28:53] Simulator.INFO: Dusty Tromp is making a bet. [] []
[2017-10-25 14:28:53] Simulator.INFO: Roel Dietrich is making a bet. [] []
[2017-10-25 14:28:53] Simulator.INFO: Shany Kris is making a bet. [] []
[2017-10-25 14:28:53] Simulator.INFO: Cara Dibbert is making a bet. [] []
[2017-10-25 14:28:53] Simulator.INFO: Cristal Kub wins 182. [] []
[2017-10-25 14:28:53] Simulator.INFO: Roel Dietrich wins 544. [] []
[2017-10-25 14:28:53] Simulator.INFO: Vance Kessler is making a bet. [] []
[2017-10-25 14:28:53] Simulator.INFO: Cristal Kub is making a bet. [] []
[2017-10-25 14:28:53] Simulator.INFO: Ross Koepp is making a bet. [] []
[2017-10-25 14:28:53] Simulator.INFO: Dusty Tromp is making a bet. [] []
[2017-10-25 14:28:53] Simulator.INFO: Roel Dietrich is making a bet. [] []
[2017-10-25 14:28:53] Simulator.INFO: Shany Kris is making a bet. [] []
[2017-10-25 14:28:53] Simulator.INFO: Cara Dibbert is making a bet. [] []
[2017-10-25 14:28:53] Simulator.INFO: Cristal Kub wins 216. [] []
[2017-10-25 14:28:53] Simulator.INFO: Ross Koepp wins 932. [] []
[2017-10-25 14:28:53] Simulator.INFO: Dusty Tromp wins 1152. [] []
[2017-10-25 14:28:53] Simulator.INFO: Roel Dietrich wins 752. [] []
[2017-10-25 14:28:53] Simulator.INFO: Vance Kessler is making a bet. [] []
[2017-10-25 14:28:53] Simulator.INFO: Cristal Kub is making a bet. [] []
[2017-10-25 14:28:53] Simulator.INFO: Ross Koepp is making a bet. [] []
[2017-10-25 14:28:53] Simulator.INFO: Dusty Tromp is making a bet. [] []
[2017-10-25 14:28:53] Simulator.INFO: Roel Dietrich is making a bet. [] []
[2017-10-25 14:28:53] Simulator.INFO: Shany Kris is making a bet. [] []
[2017-10-25 14:28:53] Simulator.INFO: Cara Dibbert is making a bet. [] []
[2017-10-25 14:28:53] Simulator.INFO: Shany Kris wins 392. [] []
[2017-10-25 14:28:53] Simulator.INFO: Vance Kessler is making a bet. [] []
[2017-10-25 14:28:53] Simulator.INFO: Cristal Kub is making a bet. [] []
[2017-10-25 14:28:53] Simulator.INFO: Ross Koepp is making a bet. [] []
[2017-10-25 14:28:53] Simulator.INFO: Dusty Tromp is making a bet. [] []
[2017-10-25 14:28:53] Simulator.INFO: Roel Dietrich is making a bet. [] []
[2017-10-25 14:28:53] Simulator.INFO: Shany Kris is making a bet. [] []
[2017-10-25 14:28:53] Simulator.INFO: Cara Dibbert has lost. Player lost: 560 [] []
[2017-10-25 14:28:53] Simulator.INFO: Cara Dibbert is being removed from simulation. [] []
[2017-10-25 14:28:53] Simulator.INFO: Shany Kris wins 90. [] []
[2017-10-25 14:28:53] Simulator.INFO: Vance Kessler is making a bet. [] []
[2017-10-25 14:28:53] Simulator.INFO: Cristal Kub is making a bet. [] []
[2017-10-25 14:28:53] Simulator.INFO: Ross Koepp is making a bet. [] []
[2017-10-25 14:28:53] Simulator.INFO: Dusty Tromp is making a bet. [] []
[2017-10-25 14:28:53] Simulator.INFO: Roel Dietrich is making a bet. [] []
[2017-10-25 14:28:53] Simulator.INFO: Shany Kris is making a bet. [] []
[2017-10-25 14:28:53] Simulator.INFO: Dusty Tromp wins 1152. [] []
[2017-10-25 14:28:53] Simulator.INFO: Shany Kris wins 128. [] []
[2017-10-25 14:28:53] Simulator.INFO: Vance Kessler is making a bet. [] []
[2017-10-25 14:28:53] Simulator.INFO: Cristal Kub is making a bet. [] []
[2017-10-25 14:28:53] Simulator.INFO: Ross Koepp has lost. Player lost: 777 [] []
[2017-10-25 14:28:53] Simulator.INFO: Ross Koepp is being removed from simulation. [] []
[2017-10-25 14:28:53] Simulator.INFO: Dusty Tromp has won. Initial buy-in: 463. Final amount: 2484 [] []
[2017-10-25 14:28:53] Simulator.INFO: Dusty Tromp is being removed from simulation. [] []
[2017-10-25 14:28:53] Simulator.INFO: Roel Dietrich has lost. Player lost: 939 [] []
[2017-10-25 14:28:53] Simulator.INFO: Roel Dietrich is being removed from simulation. [] []
[2017-10-25 14:28:53] Simulator.INFO: Shany Kris is making a bet. [] []
[2017-10-25 14:28:53] Simulator.INFO: Shany Kris wins 76. [] []
[2017-10-25 14:28:53] Simulator.INFO: Vance Kessler is making a bet. [] []
[2017-10-25 14:28:53] Simulator.INFO: Cristal Kub has lost. Player lost: 828 [] []
[2017-10-25 14:28:53] Simulator.INFO: Cristal Kub is being removed from simulation. [] []
[2017-10-25 14:28:53] Simulator.INFO: Shany Kris is making a bet. [] []
[2017-10-25 14:28:53] Simulator.INFO: Shany Kris wins 106. [] []
[2017-10-25 14:28:53] Simulator.INFO: Vance Kessler is making a bet. [] []
[2017-10-25 14:28:53] Simulator.INFO: Shany Kris is making a bet. [] []
[2017-10-25 14:28:53] Simulator.INFO: Shany Kris wins 98. [] []
[2017-10-25 14:28:53] Simulator.INFO: Vance Kessler is making a bet. [] []
[2017-10-25 14:28:53] Simulator.INFO: Shany Kris is making a bet. [] []
[2017-10-25 14:28:53] Simulator.INFO: Shany Kris wins 60. [] []
[2017-10-25 14:28:53] Simulator.INFO: Vance Kessler is making a bet. [] []
[2017-10-25 14:28:53] Simulator.INFO: Shany Kris is making a bet. [] []
[2017-10-25 14:28:53] Simulator.INFO: Shany Kris wins 136. [] []
[2017-10-25 14:28:53] Simulator.INFO: Vance Kessler has lost. Player lost: 390 [] []
[2017-10-25 14:28:53] Simulator.INFO: Vance Kessler is being removed from simulation. [] []
[2017-10-25 14:28:53] Simulator.INFO: Shany Kris is making a bet. [] []
[2017-10-25 14:28:53] Simulator.INFO: Shany Kris wins 68. [] []
[2017-10-25 14:28:53] Simulator.INFO: Shany Kris is making a bet. [] []
[2017-10-25 14:28:53] Simulator.INFO: Shany Kris is making a bet. [] []
[2017-10-25 14:28:53] Simulator.INFO: Shany Kris wins 196. [] []
[2017-10-25 14:28:53] Simulator.INFO: Shany Kris is making a bet. [] []
[2017-10-25 14:28:53] Simulator.INFO: Shany Kris wins 128. [] []
[2017-10-25 14:28:53] Simulator.INFO: Shany Kris is making a bet. [] []
[2017-10-25 14:28:53] Simulator.INFO: Shany Kris wins 68. [] []
[2017-10-25 14:28:53] Simulator.INFO: Shany Kris is making a bet. [] []
[2017-10-25 14:28:53] Simulator.INFO: Shany Kris is making a bet. [] []
[2017-10-25 14:28:53] Simulator.INFO: Shany Kris is making a bet. [] []
[2017-10-25 14:28:53] Simulator.INFO: Shany Kris is making a bet. [] []
[2017-10-25 14:28:53] Simulator.INFO: Shany Kris is making a bet. [] []
[2017-10-25 14:28:53] Simulator.INFO: Shany Kris is making a bet. [] []
[2017-10-25 14:28:53] Simulator.INFO: Shany Kris has lost. Player lost: 375 [] []
[2017-10-25 14:28:53] Simulator.INFO: Shany Kris is being removed from simulation. [] []
[2017-10-25 14:28:53] Simulator.INFO: Simulation has ended. [] []
[2017-10-25 14:42:49] Simulator.INFO: Starting the simulation. [] []
[2017-10-25 14:42:50] Simulator.INFO: Barbara Conn is making a bet. [] []
[2017-10-25 14:42:50] Simulator.INFO: Kip Grady is making a bet. [] []
[2017-10-25 14:42:50] Simulator.INFO: Dejon Quigley is making a bet. [] []
[2017-10-25 14:42:50] Simulator.INFO: Johnnie Kuvalis is making a bet. [] []
[2017-10-25 14:42:50] Simulator.INFO: Eleanora Ratke is making a bet. [] []
[2017-10-25 14:42:50] Simulator.INFO: Adrien Schaden is making a bet. [] []
[2017-10-25 14:42:50] Simulator.INFO: Cordia Lemke is making a bet. [] []
[2017-10-25 14:42:50] Simulator.INFO: Kip Grady wins 60. [] []
[2017-10-25 14:42:50] Simulator.INFO: Adrien Schaden wins 102. [] []
[2017-10-25 14:42:50] Simulator.INFO: Barbara Conn is making a bet. [] []
[2017-10-25 14:42:50] Simulator.INFO: Kip Grady is making a bet. [] []
[2017-10-25 14:42:50] Simulator.INFO: Dejon Quigley is making a bet. [] []
[2017-10-25 14:42:50] Simulator.INFO: Johnnie Kuvalis is making a bet. [] []
[2017-10-25 14:42:50] Simulator.INFO: Eleanora Ratke is making a bet. [] []
[2017-10-25 14:42:50] Simulator.INFO: Adrien Schaden is making a bet. [] []
[2017-10-25 14:42:50] Simulator.INFO: Cordia Lemke is making a bet. [] []
[2017-10-25 14:42:50] Simulator.INFO: Adrien Schaden wins 172. [] []
[2017-10-25 14:42:50] Simulator.INFO: Barbara Conn is making a bet. [] []
[2017-10-25 14:42:50] Simulator.INFO: Kip Grady is making a bet. [] []
[2017-10-25 14:42:50] Simulator.INFO: Dejon Quigley is making a bet. [] []
[2017-10-25 14:42:50] Simulator.INFO: Johnnie Kuvalis is making a bet. [] []
[2017-10-25 14:42:50] Simulator.INFO: Eleanora Ratke has lost. Player lost: 739 [] []
[2017-10-25 14:42:50] Simulator.INFO: Eleanora Ratke is being removed from simulation. [] []
[2017-10-25 14:42:50] Simulator.INFO: Adrien Schaden is making a bet. [] []
[2017-10-25 14:42:50] Simulator.INFO: Cordia Lemke is making a bet. [] []
[2017-10-25 14:42:50] Simulator.INFO: Barbara Conn wins 1332. [] []
[2017-10-25 14:42:50] Simulator.INFO: Kip Grady wins 216. [] []
[2017-10-25 14:42:50] Simulator.INFO: Adrien Schaden wins 146. [] []
[2017-10-25 14:42:50] Simulator.INFO: Barbara Conn is making a bet. [] []
[2017-10-25 14:42:50] Simulator.INFO: Kip Grady is making a bet. [] []
[2017-10-25 14:42:50] Simulator.INFO: Dejon Quigley has lost. Player lost: 900 [] []
[2017-10-25 14:42:50] Simulator.INFO: Dejon Quigley is being removed from simulation. [] []
[2017-10-25 14:42:50] Simulator.INFO: Johnnie Kuvalis is making a bet. [] []
[2017-10-25 14:42:50] Simulator.INFO: Adrien Schaden is making a bet. [] []
[2017-10-25 14:42:50] Simulator.INFO: Cordia Lemke is making a bet. [] []
[2017-10-25 14:42:50] Simulator.INFO: Kip Grady wins 72. [] []
[2017-10-25 14:42:50] Simulator.INFO: Barbara Conn is making a bet. [] []
[2017-10-25 14:42:50] Simulator.INFO: Kip Grady is making a bet. [] []
[2017-10-25 14:42:50] Simulator.INFO: Johnnie Kuvalis is making a bet. [] []
[2017-10-25 14:42:50] Simulator.INFO: Adrien Schaden is making a bet. [] []
[2017-10-25 14:42:50] Simulator.INFO: Cordia Lemke has lost. Player lost: 869 [] []
[2017-10-25 14:42:50] Simulator.INFO: Cordia Lemke is being removed from simulation. [] []
[2017-10-25 14:42:50] Simulator.INFO: Kip Grady wins 72. [] []
[2017-10-25 14:42:50] Simulator.INFO: Adrien Schaden wins 308. [] []
[2017-10-25 14:42:50] Simulator.INFO: Barbara Conn is making a bet. [] []
[2017-10-25 14:42:50] Simulator.INFO: Kip Grady is making a bet. [] []
[2017-10-25 14:42:50] Simulator.INFO: Johnnie Kuvalis is making a bet. [] []
[2017-10-25 14:42:50] Simulator.INFO: Adrien Schaden is making a bet. [] []
[2017-10-25 14:42:50] Simulator.INFO: Kip Grady wins 72. [] []
[2017-10-25 14:42:50] Simulator.INFO: Adrien Schaden wins 60. [] []
[2017-10-25 14:42:50] Simulator.INFO: Barbara Conn is making a bet. [] []
[2017-10-25 14:42:50] Simulator.INFO: Kip Grady is making a bet. [] []
[2017-10-25 14:42:50] Simulator.INFO: Johnnie Kuvalis is making a bet. [] []
[2017-10-25 14:42:50] Simulator.INFO: Adrien Schaden is making a bet. [] []
[2017-10-25 14:42:50] Simulator.INFO: Kip Grady wins 214. [] []
[2017-10-25 14:42:50] Simulator.INFO: Adrien Schaden wins 60. [] []
[2017-10-25 14:42:50] Simulator.INFO: Barbara Conn is making a bet. [] []
[2017-10-25 14:42:50] Simulator.INFO: Kip Grady is making a bet. [] []
[2017-10-25 14:42:50] Simulator.INFO: Johnnie Kuvalis has lost. Player lost: 801 [] []
[2017-10-25 14:42:50] Simulator.INFO: Johnnie Kuvalis is being removed from simulation. [] []
[2017-10-25 14:42:50] Simulator.INFO: Adrien Schaden is making a bet. [] []
[2017-10-25 14:42:50] Simulator.INFO: Kip Grady wins 202. [] []
[2017-10-25 14:42:50] Simulator.INFO: Barbara Conn is making a bet. [] []
[2017-10-25 14:42:50] Simulator.INFO: Kip Grady is making a bet. [] []
[2017-10-25 14:42:50] Simulator.INFO: Adrien Schaden is making a bet. [] []
[2017-10-25 14:42:50] Simulator.INFO: Kip Grady wins 226. [] []
[2017-10-25 14:42:50] Simulator.INFO: Barbara Conn is making a bet. [] []
[2017-10-25 14:42:50] Simulator.INFO: Kip Grady is making a bet. [] []
[2017-10-25 14:42:50] Simulator.INFO: Adrien Schaden is making a bet. [] []
[2017-10-25 14:42:50] Simulator.INFO: Kip Grady wins 226. [] []
[2017-10-25 14:42:50] Simulator.INFO: Barbara Conn is making a bet. [] []
[2017-10-25 14:42:50] Simulator.INFO: Kip Grady is making a bet. [] []
[2017-10-25 14:42:50] Simulator.INFO: Adrien Schaden is making a bet. [] []
[2017-10-25 14:42:50] Simulator.INFO: Kip Grady wins 84. [] []
[2017-10-25 14:42:50] Simulator.INFO: Barbara Conn is making a bet. [] []
[2017-10-25 14:42:50] Simulator.INFO: Kip Grady is making a bet. [] []
[2017-10-25 14:42:50] Simulator.INFO: Adrien Schaden has lost. Player lost: 428 [] []
[2017-10-25 14:42:50] Simulator.INFO: Adrien Schaden is being removed from simulation. [] []
[2017-10-25 14:42:50] Simulator.INFO: Kip Grady wins 144. [] []
[2017-10-25 14:42:50] Simulator.INFO: Barbara Conn is making a bet. [] []
[2017-10-25 14:42:50] Simulator.INFO: Kip Grady is making a bet. [] []
[2017-10-25 14:42:50] Simulator.INFO: Kip Grady wins 202. [] []
[2017-10-25 14:42:50] Simulator.INFO: Barbara Conn is making a bet. [] []
[2017-10-25 14:42:50] Simulator.INFO: Kip Grady is making a bet. [] []
[2017-10-25 14:42:50] Simulator.INFO: Kip Grady wins 120. [] []
[2017-10-25 14:42:50] Simulator.INFO: Barbara Conn is making a bet. [] []
[2017-10-25 14:42:50] Simulator.INFO: Kip Grady is making a bet. [] []
[2017-10-25 14:42:50] Simulator.INFO: Kip Grady wins 60. [] []
[2017-10-25 14:42:50] Simulator.INFO: Barbara Conn is making a bet. [] []
[2017-10-25 14:42:50] Simulator.INFO: Kip Grady is making a bet. [] []
[2017-10-25 14:42:50] Simulator.INFO: Barbara Conn is making a bet. [] []
[2017-10-25 14:42:50] Simulator.INFO: Kip Grady is making a bet. [] []
[2017-10-25 14:42:50] Simulator.INFO: Kip Grady wins 476. [] []
[2017-10-25 14:42:50] Simulator.INFO: Barbara Conn is making a bet. [] []
[2017-10-25 14:42:50] Simulator.INFO: Kip Grady is making a bet. [] []
[2017-10-25 14:42:50] Simulator.INFO: Barbara Conn is making a bet. [] []
[2017-10-25 14:42:50] Simulator.INFO: Kip Grady is making a bet. [] []
[2017-10-25 14:42:50] Simulator.INFO: Kip Grady wins 452. [] []
[2017-10-25 14:42:50] Simulator.INFO: Barbara Conn is making a bet. [] []
[2017-10-25 14:42:50] Simulator.INFO: Kip Grady is making a bet. [] []
[2017-10-25 14:42:50] Simulator.INFO: Barbara Conn is making a bet. [] []
[2017-10-25 14:42:50] Simulator.INFO: Kip Grady is making a bet. [] []
[2017-10-25 14:42:50] Simulator.INFO: Barbara Conn wins 1224. [] []
[2017-10-25 14:42:50] Simulator.INFO: Barbara Conn is making a bet. [] []
[2017-10-25 14:42:50] Simulator.INFO: Kip Grady is making a bet. [] []
[2017-10-25 14:42:50] Simulator.INFO: Kip Grady wins 808. [] []
[2017-10-25 14:42:50] Simulator.INFO: Barbara Conn is making a bet. [] []
[2017-10-25 14:42:50] Simulator.INFO: Kip Grady is making a bet. [] []
[2017-10-25 14:42:50] Simulator.INFO: Barbara Conn is making a bet. [] []
[2017-10-25 14:42:50] Simulator.INFO: Kip Grady is making a bet. [] []
[2017-10-25 14:42:50] Simulator.INFO: Barbara Conn is making a bet. [] []
[2017-10-25 14:42:50] Simulator.INFO: Kip Grady is making a bet. [] []
[2017-10-25 14:42:50] Simulator.INFO: Kip Grady wins 576. [] []
[2017-10-25 14:42:50] Simulator.INFO: Barbara Conn is making a bet. [] []
[2017-10-25 14:42:50] Simulator.INFO: Kip Grady is making a bet. [] []
[2017-10-25 14:42:50] Simulator.INFO: Kip Grady wins 84. [] []
[2017-10-25 14:42:50] Simulator.INFO: Barbara Conn is making a bet. [] []
[2017-10-25 14:42:50] Simulator.INFO: Kip Grady is making a bet. [] []
[2017-10-25 14:42:50] Simulator.INFO: Barbara Conn is making a bet. [] []
[2017-10-25 14:42:50] Simulator.INFO: Kip Grady is making a bet. [] []
[2017-10-25 14:42:50] Simulator.INFO: Barbara Conn is making a bet. [] []
[2017-10-25 14:42:50] Simulator.INFO: Kip Grady is making a bet. [] []
[2017-10-25 14:42:50] Simulator.INFO: Barbara Conn is making a bet. [] []
[2017-10-25 14:42:50] Simulator.INFO: Kip Grady is making a bet. [] []
[2017-10-25 14:42:50] Simulator.INFO: Kip Grady wins 1232. [] []
[2017-10-25 14:42:50] Simulator.INFO: Barbara Conn is making a bet. [] []
[2017-10-25 14:42:50] Simulator.INFO: Kip Grady is making a bet. [] []
[2017-10-25 14:42:50] Simulator.INFO: Kip Grady wins 166. [] []
[2017-10-25 14:42:50] Simulator.INFO: Barbara Conn is making a bet. [] []
[2017-10-25 14:42:50] Simulator.INFO: Kip Grady is making a bet. [] []
[2017-10-25 14:42:50] Simulator.INFO: Barbara Conn is making a bet. [] []
[2017-10-25 14:42:50] Simulator.INFO: Kip Grady is making a bet. [] []
[2017-10-25 14:42:50] Simulator.INFO: Barbara Conn has lost. Player lost: 850 [] []
[2017-10-25 14:42:50] Simulator.INFO: Barbara Conn is being removed from simulation. [] []
[2017-10-25 14:42:50] Simulator.INFO: Kip Grady is making a bet. [] []
[2017-10-25 14:42:50] Simulator.INFO: Kip Grady wins 480. [] []
[2017-10-25 14:42:50] Simulator.INFO: Kip Grady is making a bet. [] []
[2017-10-25 14:42:50] Simulator.INFO: Kip Grady wins 166. [] []
[2017-10-25 14:42:50] Simulator.INFO: Kip Grady is making a bet. [] []
[2017-10-25 14:42:50] Simulator.INFO: Kip Grady is making a bet. [] []
[2017-10-25 14:42:50] Simulator.INFO: Kip Grady is making a bet. [] []
[2017-10-25 14:42:50] Simulator.INFO: Kip Grady wins 616. [] []
[2017-10-25 14:42:50] Simulator.INFO: Kip Grady is making a bet. [] []
[2017-10-25 14:42:50] Simulator.INFO: Kip Grady wins 72. [] []
[2017-10-25 14:42:50] Simulator.INFO: Kip Grady is making a bet. [] []
[2017-10-25 14:42:50] Simulator.INFO: Kip Grady is making a bet. [] []
[2017-10-25 14:42:50] Simulator.INFO: Kip Grady is making a bet. [] []
[2017-10-25 14:42:50] Simulator.INFO: Kip Grady is making a bet. [] []
[2017-10-25 14:42:50] Simulator.INFO: Kip Grady is making a bet. [] []
[2017-10-25 14:42:50] Simulator.INFO: Kip Grady is making a bet. [] []
[2017-10-25 14:42:50] Simulator.INFO: Kip Grady wins 4608. [] []
[2017-10-25 14:42:50] Simulator.INFO: Kip Grady has won. Initial buy-in: 596. Final amount: 4608 [] []
[2017-10-25 14:42:50] Simulator.INFO: Kip Grady is being removed from simulation. [] []
[2017-10-25 14:42:50] Simulator.INFO: Simulation has ended. [] []
[2017-10-28 12:38:12] Simulator.INFO: Starting the simulation. [] []
[2017-10-28 12:38:12] Simulator.INFO: Marjorie Romaguera is making a bet. [] []
[2017-10-28 12:38:12] Simulator.INFO: Roberta Hintz is making a bet. [] []
[2017-10-28 12:38:12] Simulator.INFO: Hellen Gutkowski is making a bet. [] []
[2017-10-28 12:38:12] Simulator.INFO: Jannie Cruickshank is making a bet. [] []
[2017-10-28 12:38:12] Simulator.INFO: Kali Schulist is making a bet. [] []
[2017-10-28 12:38:12] Simulator.INFO: Marcelina Kreiger is making a bet. [] []
[2017-10-28 12:38:12] Simulator.INFO: Lessie Okuneva is making a bet. [] []
[2017-10-28 12:38:12] Simulator.INFO: Marjorie Romaguera wins 828. [] []
[2017-10-28 12:38:12] Simulator.INFO: Hellen Gutkowski wins 332. [] []
[2017-10-28 12:38:12] Simulator.INFO: Kali Schulist wins 294. [] []
[2017-10-28 12:38:12] Simulator.INFO: Marcelina Kreiger wins 122. [] []
[2017-10-28 12:38:12] Simulator.INFO: Marjorie Romaguera is making a bet. [] []
[2017-10-28 12:38:12] Simulator.INFO: Roberta Hintz is making a bet. [] []
[2017-10-28 12:38:12] Simulator.INFO: Hellen Gutkowski is making a bet. [] []
[2017-10-28 12:38:12] Simulator.INFO: Jannie Cruickshank is making a bet. [] []
[2017-10-28 12:38:12] Simulator.INFO: Kali Schulist is making a bet. [] []
[2017-10-28 12:38:12] Simulator.INFO: Marcelina Kreiger is making a bet. [] []
[2017-10-28 12:38:12] Simulator.INFO: Lessie Okuneva is making a bet. [] []
[2017-10-28 12:38:12] Simulator.INFO: Marjorie Romaguera is making a bet. [] []
[2017-10-28 12:38:12] Simulator.INFO: Roberta Hintz is making a bet. [] []
[2017-10-28 12:38:12] Simulator.INFO: Hellen Gutkowski is making a bet. [] []
[2017-10-28 12:38:12] Simulator.INFO: Jannie Cruickshank is making a bet. [] []
[2017-10-28 12:38:12] Simulator.INFO: Kali Schulist is making a bet. [] []
[2017-10-28 12:38:12] Simulator.INFO: Marcelina Kreiger is making a bet. [] []
[2017-10-28 12:38:12] Simulator.INFO: Lessie Okuneva is making a bet. [] []
[2017-10-28 12:38:12] Simulator.INFO: Roberta Hintz wins 912. [] []
[2017-10-28 12:38:12] Simulator.INFO: Marjorie Romaguera is making a bet. [] []
[2017-10-28 12:38:12] Simulator.INFO: Roberta Hintz is making a bet. [] []
[2017-10-28 12:38:12] Simulator.INFO: Hellen Gutkowski is making a bet. [] []
[2017-10-28 12:38:12] Simulator.INFO: Jannie Cruickshank is making a bet. [] []
[2017-10-28 12:38:12] Simulator.INFO: Kali Schulist is making a bet. [] []
[2017-10-28 12:38:12] Simulator.INFO: Marcelina Kreiger is making a bet. [] []
[2017-10-28 12:38:12] Simulator.INFO: Lessie Okuneva is making a bet. [] []
[2017-10-28 12:38:12] Simulator.INFO: Hellen Gutkowski wins 1672. [] []
[2017-10-28 12:38:12] Simulator.INFO: Kali Schulist wins 1624. [] []
[2017-10-28 12:38:12] Simulator.INFO: Marcelina Kreiger wins 288. [] []
[2017-10-28 12:38:12] Simulator.INFO: Marjorie Romaguera is making a bet. [] []
[2017-10-28 12:38:12] Simulator.INFO: Roberta Hintz is making a bet. [] []
[2017-10-28 12:38:12] Simulator.INFO: Hellen Gutkowski is making a bet. [] []
[2017-10-28 12:38:12] Simulator.INFO: Jannie Cruickshank is making a bet. [] []
[2017-10-28 12:38:12] Simulator.INFO: Kali Schulist is making a bet. [] []
[2017-10-28 12:38:12] Simulator.INFO: Marcelina Kreiger is making a bet. [] []
[2017-10-28 12:38:12] Simulator.INFO: Lessie Okuneva has lost. Player lost: 287 [] []
[2017-10-28 12:38:12] Simulator.INFO: Lessie Okuneva is being removed from simulation. [] []
[2017-10-28 12:38:12] Simulator.INFO: Marjorie Romaguera is making a bet. [] []
[2017-10-28 12:38:12] Simulator.INFO: Roberta Hintz is making a bet. [] []
[2017-10-28 12:38:12] Simulator.INFO: Hellen Gutkowski is making a bet. [] []
[2017-10-28 12:38:12] Simulator.INFO: Jannie Cruickshank is making a bet. [] []
[2017-10-28 12:38:12] Simulator.INFO: Kali Schulist is making a bet. [] []
[2017-10-28 12:38:12] Simulator.INFO: Marcelina Kreiger is making a bet. [] []
[2017-10-28 12:38:12] Simulator.INFO: Hellen Gutkowski wins 760. [] []
[2017-10-28 12:38:12] Simulator.INFO: Kali Schulist wins 528. [] []
[2017-10-28 12:38:12] Simulator.INFO: Marcelina Kreiger wins 180. [] []
[2017-10-28 12:38:12] Simulator.INFO: Marjorie Romaguera is making a bet. [] []
[2017-10-28 12:38:12] Simulator.INFO: Roberta Hintz has lost. Player lost: 759 [] []
[2017-10-28 12:38:12] Simulator.INFO: Roberta Hintz is being removed from simulation. [] []
[2017-10-28 12:38:12] Simulator.INFO: Hellen Gutkowski is making a bet. [] []
[2017-10-28 12:38:12] Simulator.INFO: Jannie Cruickshank is making a bet. [] []
[2017-10-28 12:38:12] Simulator.INFO: Kali Schulist is making a bet. [] []
[2017-10-28 12:38:12] Simulator.INFO: Marcelina Kreiger is making a bet. [] []
[2017-10-28 12:38:12] Simulator.INFO: Marjorie Romaguera is making a bet. [] []
[2017-10-28 12:38:12] Simulator.INFO: Hellen Gutkowski is making a bet. [] []
[2017-10-28 12:38:12] Simulator.INFO: Jannie Cruickshank is making a bet. [] []
[2017-10-28 12:38:12] Simulator.INFO: Kali Schulist is making a bet. [] []
[2017-10-28 12:38:12] Simulator.INFO: Marcelina Kreiger is making a bet. [] []
[2017-10-28 12:38:12] Simulator.INFO: Jannie Cruickshank wins 1044. [] []
[2017-10-28 12:38:12] Simulator.INFO: Marjorie Romaguera is making a bet. [] []
[2017-10-28 12:38:12] Simulator.INFO: Hellen Gutkowski is making a bet. [] []
[2017-10-28 12:38:12] Simulator.INFO: Jannie Cruickshank is making a bet. [] []
[2017-10-28 12:38:12] Simulator.INFO: Kali Schulist is making a bet. [] []
[2017-10-28 12:38:12] Simulator.INFO: Marcelina Kreiger is making a bet. [] []
[2017-10-28 12:38:12] Simulator.INFO: Marjorie Romaguera is making a bet. [] []
[2017-10-28 12:38:12] Simulator.INFO: Hellen Gutkowski is making a bet. [] []
[2017-10-28 12:38:12] Simulator.INFO: Jannie Cruickshank is making a bet. [] []
[2017-10-28 12:38:12] Simulator.INFO: Kali Schulist is making a bet. [] []
[2017-10-28 12:38:12] Simulator.INFO: Marcelina Kreiger has lost. Player lost: 405 [] []
[2017-10-28 12:38:12] Simulator.INFO: Marcelina Kreiger is being removed from simulation. [] []
[2017-10-28 12:38:12] Simulator.INFO: Marjorie Romaguera wins 36. [] []
[2017-10-28 12:38:12] Simulator.INFO: Jannie Cruickshank wins 288. [] []
[2017-10-28 12:38:12] Simulator.INFO: Marjorie Romaguera is making a bet. [] []
[2017-10-28 12:38:12] Simulator.INFO: Hellen Gutkowski has lost. Player lost: 614 [] []
[2017-10-28 12:38:12] Simulator.INFO: Hellen Gutkowski is being removed from simulation. [] []
[2017-10-28 12:38:12] Simulator.INFO: Jannie Cruickshank is making a bet. [] []
[2017-10-28 12:38:12] Simulator.INFO: Kali Schulist has lost. Player lost: 508 [] []
[2017-10-28 12:38:12] Simulator.INFO: Kali Schulist is being removed from simulation. [] []
[2017-10-28 12:38:12] Simulator.INFO: Jannie Cruickshank wins 432. [] []
[2017-10-28 12:38:12] Simulator.INFO: Marjorie Romaguera is making a bet. [] []
[2017-10-28 12:38:12] Simulator.INFO: Jannie Cruickshank is making a bet. [] []
[2017-10-28 12:38:12] Simulator.INFO: Marjorie Romaguera wins 504. [] []
[2017-10-28 12:38:12] Simulator.INFO: Marjorie Romaguera is making a bet. [] []
[2017-10-28 12:38:12] Simulator.INFO: Jannie Cruickshank is making a bet. [] []
[2017-10-28 12:38:12] Simulator.INFO: Marjorie Romaguera is making a bet. [] []
[2017-10-28 12:38:12] Simulator.INFO: Jannie Cruickshank is making a bet. [] []
[2017-10-28 12:38:12] Simulator.INFO: Marjorie Romaguera is making a bet. [] []
[2017-10-28 12:38:12] Simulator.INFO: Jannie Cruickshank is making a bet. [] []
[2017-10-28 12:38:12] Simulator.INFO: Marjorie Romaguera is making a bet. [] []
[2017-10-28 12:38:12] Simulator.INFO: Jannie Cruickshank is making a bet. [] []
[2017-10-28 12:38:12] Simulator.INFO: Marjorie Romaguera wins 216. [] []
[2017-10-28 12:38:12] Simulator.INFO: Marjorie Romaguera is making a bet. [] []
[2017-10-28 12:38:12] Simulator.INFO: Jannie Cruickshank is making a bet. [] []
[2017-10-28 12:38:12] Simulator.INFO: Marjorie Romaguera wins 1332. [] []
[2017-10-28 12:38:12] Simulator.INFO: Marjorie Romaguera has won. Initial buy-in: 313. Final amount: 2469 [] []
[2017-10-28 12:38:12] Simulator.INFO: Marjorie Romaguera is being removed from simulation. [] []
[2017-10-28 12:38:12] Simulator.INFO: Jannie Cruickshank is making a bet. [] []
[2017-10-28 12:38:12] Simulator.INFO: Jannie Cruickshank is making a bet. [] []
[2017-10-28 12:38:12] Simulator.INFO: Jannie Cruickshank is making a bet. [] []
[2017-10-28 12:38:12] Simulator.INFO: Jannie Cruickshank is making a bet. [] []
[2017-10-28 12:38:12] Simulator.INFO: Jannie Cruickshank is making a bet. [] []
[2017-10-28 12:38:12] Simulator.INFO: Jannie Cruickshank wins 144. [] []
[2017-10-28 12:38:12] Simulator.INFO: Jannie Cruickshank is making a bet. [] []
[2017-10-28 12:38:12] Simulator.INFO: Jannie Cruickshank has lost. Player lost: 987 [] []
[2017-10-28 12:38:12] Simulator.INFO: Jannie Cruickshank is being removed from simulation. [] []
[2017-10-28 12:38:12] Simulator.INFO: Simulation has ended. [] []
[2017-10-28 12:39:55] Simulator.INFO: Starting the simulation. [] []
[2017-10-28 12:39:55] Simulator.INFO: Neha Hayes is making a bet. [] []
[2017-10-28 12:39:55] Simulator.INFO: Daren Goldner is making a bet. [] []
[2017-10-28 12:39:55] Simulator.INFO: Golda Ebert is making a bet. [] []
[2017-10-28 12:39:55] Simulator.INFO: Ella Brekke is making a bet. [] []
[2017-10-28 12:39:55] Simulator.INFO: Nestor Schumm is making a bet. [] []
[2017-10-28 12:39:55] Simulator.INFO: Louie Cummings is making a bet. [] []
[2017-10-28 12:39:55] Simulator.INFO: Marlon Leffler is making a bet. [] []
[2017-10-28 12:39:55] Simulator.INFO: Golda Ebert wins 646. [] []
[2017-10-28 12:39:55] Simulator.INFO: Nestor Schumm wins 556. [] []
[2017-10-28 12:39:55] Simulator.INFO: Louie Cummings wins 248. [] []
[2017-10-28 12:39:55] Simulator.INFO: Neha Hayes is making a bet. [] []
[2017-10-28 12:39:55] Simulator.INFO: Daren Goldner is making a bet. [] []
[2017-10-28 12:39:55] Simulator.INFO: Golda Ebert is making a bet. [] []
[2017-10-28 12:39:55] Simulator.INFO: Ella Brekke is making a bet. [] []
[2017-10-28 12:39:55] Simulator.INFO: Nestor Schumm is making a bet. [] []
[2017-10-28 12:39:55] Simulator.INFO: Louie Cummings is making a bet. [] []
[2017-10-28 12:39:55] Simulator.INFO: Marlon Leffler is making a bet. [] []
[2017-10-28 12:39:55] Simulator.INFO: Golda Ebert wins 592. [] []
[2017-10-28 12:39:55] Simulator.INFO: Nestor Schumm wins 528. [] []
[2017-10-28 12:39:55] Simulator.INFO: Louie Cummings wins 194. [] []
[2017-10-28 12:39:55] Simulator.INFO: Neha Hayes is making a bet. [] []
[2017-10-28 12:39:55] Simulator.INFO: Daren Goldner is making a bet. [] []
[2017-10-28 12:39:55] Simulator.INFO: Golda Ebert is making a bet. [] []
[2017-10-28 12:39:55] Simulator.INFO: Ella Brekke is making a bet. [] []
[2017-10-28 12:39:55] Simulator.INFO: Nestor Schumm is making a bet. [] []
[2017-10-28 12:39:55] Simulator.INFO: Louie Cummings is making a bet. [] []
[2017-10-28 12:39:55] Simulator.INFO: Marlon Leffler is making a bet. [] []
[2017-10-28 12:39:55] Simulator.INFO: Daren Goldner wins 232. [] []
[2017-10-28 12:39:55] Simulator.INFO: Nestor Schumm wins 502. [] []
[2017-10-28 12:39:55] Simulator.INFO: Neha Hayes is making a bet. [] []
[2017-10-28 12:39:55] Simulator.INFO: Daren Goldner is making a bet. [] []
[2017-10-28 12:39:55] Simulator.INFO: Golda Ebert is making a bet. [] []
[2017-10-28 12:39:55] Simulator.INFO: Ella Brekke is making a bet. [] []
[2017-10-28 12:39:55] Simulator.INFO: Nestor Schumm is making a bet. [] []
[2017-10-28 12:39:55] Simulator.INFO: Louie Cummings is making a bet. [] []
[2017-10-28 12:39:55] Simulator.INFO: Marlon Leffler is making a bet. [] []
[2017-10-28 12:39:55] Simulator.INFO: Neha Hayes wins 972. [] []
[2017-10-28 12:39:55] Simulator.INFO: Daren Goldner wins 64. [] []
[2017-10-28 12:39:55] Simulator.INFO: Neha Hayes is making a bet. [] []
[2017-10-28 12:39:55] Simulator.INFO: Daren Goldner is making a bet. [] []
[2017-10-28 12:39:55] Simulator.INFO: Golda Ebert is making a bet. [] []
[2017-10-28 12:39:55] Simulator.INFO: Ella Brekke is making a bet. [] []
[2017-10-28 12:39:55] Simulator.INFO: Nestor Schumm is making a bet. [] []
[2017-10-28 12:39:55] Simulator.INFO: Louie Cummings is making a bet. [] []
[2017-10-28 12:39:55] Simulator.INFO: Marlon Leffler has lost. Player lost: 310 [] []
[2017-10-28 12:39:55] Simulator.INFO: Marlon Leffler is being removed from simulation. [] []
[2017-10-28 12:39:55] Simulator.INFO: Golda Ebert wins 2584. [] []
[2017-10-28 12:39:55] Simulator.INFO: Nestor Schumm wins 1004. [] []
[2017-10-28 12:39:55] Simulator.INFO: Louie Cummings wins 352. [] []
[2017-10-28 12:39:55] Simulator.INFO: Neha Hayes is making a bet. [] []
[2017-10-28 12:39:55] Simulator.INFO: Daren Goldner is making a bet. [] []
[2017-10-28 12:39:55] Simulator.INFO: Golda Ebert is making a bet. [] []
[2017-10-28 12:39:55] Simulator.INFO: Ella Brekke is making a bet. [] []
[2017-10-28 12:39:55] Simulator.INFO: Nestor Schumm is making a bet. [] []
[2017-10-28 12:39:55] Simulator.INFO: Louie Cummings is making a bet. [] []
[2017-10-28 12:39:55] Simulator.INFO: Daren Goldner wins 96. [] []
[2017-10-28 12:39:55] Simulator.INFO: Nestor Schumm wins 460. [] []
[2017-10-28 12:39:55] Simulator.INFO: Neha Hayes is making a bet. [] []
[2017-10-28 12:39:55] Simulator.INFO: Daren Goldner is making a bet. [] []
[2017-10-28 12:39:55] Simulator.INFO: Golda Ebert is making a bet. [] []
[2017-10-28 12:39:55] Simulator.INFO: Ella Brekke is making a bet. [] []
[2017-10-28 12:39:55] Simulator.INFO: Nestor Schumm is making a bet. [] []
[2017-10-28 12:39:55] Simulator.INFO: Louie Cummings is making a bet. [] []
[2017-10-28 12:39:55] Simulator.INFO: Golda Ebert wins 1400. [] []
[2017-10-28 12:39:55] Simulator.INFO: Nestor Schumm wins 460. [] []
[2017-10-28 12:39:55] Simulator.INFO: Louie Cummings wins 176. [] []
[2017-10-28 12:39:55] Simulator.INFO: Neha Hayes is making a bet. [] []
[2017-10-28 12:39:55] Simulator.INFO: Daren Goldner is making a bet. [] []
[2017-10-28 12:39:55] Simulator.INFO: Golda Ebert is making a bet. [] []
[2017-10-28 12:39:55] Simulator.INFO: Ella Brekke is making a bet. [] []
[2017-10-28 12:39:55] Simulator.INFO: Nestor Schumm is making a bet. [] []
[2017-10-28 12:39:55] Simulator.INFO: Louie Cummings is making a bet. [] []
[2017-10-28 12:39:55] Simulator.INFO: Golda Ebert wins 502. [] []
[2017-10-28 12:39:55] Simulator.INFO: Louie Cummings wins 354. [] []
[2017-10-28 12:39:55] Simulator.INFO: Neha Hayes is making a bet. [] []
[2017-10-28 12:39:55] Simulator.INFO: Daren Goldner is making a bet. [] []
[2017-10-28 12:39:55] Simulator.INFO: Golda Ebert is making a bet. [] []
[2017-10-28 12:39:55] Simulator.INFO: Ella Brekke has lost. Player lost: 247 [] []
[2017-10-28 12:39:55] Simulator.INFO: Ella Brekke is being removed from simulation. [] []
[2017-10-28 12:39:55] Simulator.INFO: Nestor Schumm is making a bet. [] []
[2017-10-28 12:39:55] Simulator.INFO: Louie Cummings is making a bet. [] []
[2017-10-28 12:39:55] Simulator.INFO: Daren Goldner wins 88. [] []
[2017-10-28 12:39:55] Simulator.INFO: Neha Hayes is making a bet. [] []
[2017-10-28 12:39:55] Simulator.INFO: Daren Goldner is making a bet. [] []
[2017-10-28 12:39:55] Simulator.INFO: Golda Ebert is making a bet. [] []
[2017-10-28 12:39:55] Simulator.INFO: Nestor Schumm is making a bet. [] []
[2017-10-28 12:39:55] Simulator.INFO: Louie Cummings is making a bet. [] []
[2017-10-28 12:39:55] Simulator.INFO: Daren Goldner wins 22. [] []
[2017-10-28 12:39:55] Simulator.INFO: Neha Hayes is making a bet. [] []
[2017-10-28 12:39:55] Simulator.INFO: Daren Goldner is making a bet. [] []
[2017-10-28 12:39:55] Simulator.INFO: Golda Ebert is making a bet. [] []
[2017-10-28 12:39:55] Simulator.INFO: Nestor Schumm is making a bet. [] []
[2017-10-28 12:39:55] Simulator.INFO: Louie Cummings is making a bet. [] []
[2017-10-28 12:39:55] Simulator.INFO: Golda Ebert wins 2872. [] []
[2017-10-28 12:39:55] Simulator.INFO: Louie Cummings wins 424. [] []
[2017-10-28 12:39:55] Simulator.INFO: Neha Hayes is making a bet. [] []
[2017-10-28 12:39:55] Simulator.INFO: Daren Goldner is making a bet. [] []
[2017-10-28 12:39:55] Simulator.INFO: Golda Ebert is making a bet. [] []
[2017-10-28 12:39:55] Simulator.INFO: Nestor Schumm has lost. Player lost: 696 [] []
[2017-10-28 12:39:55] Simulator.INFO: Nestor Schumm is being removed from simulation. [] []
[2017-10-28 12:39:55] Simulator.INFO: Louie Cummings is making a bet. [] []
[2017-10-28 12:39:55] Simulator.INFO: Golda Ebert wins 538. [] []
[2017-10-28 12:39:55] Simulator.INFO: Louie Cummings wins 354. [] []
[2017-10-28 12:39:55] Simulator.INFO: Neha Hayes is making a bet. [] []
[2017-10-28 12:39:55] Simulator.INFO: Daren Goldner is making a bet. [] []
[2017-10-28 12:39:55] Simulator.INFO: Golda Ebert is making a bet. [] []
[2017-10-28 12:39:55] Simulator.INFO: Louie Cummings is making a bet. [] []
[2017-10-28 12:39:55] Simulator.INFO: Daren Goldner wins 80. [] []
[2017-10-28 12:39:55] Simulator.INFO: Neha Hayes is making a bet. [] []
[2017-10-28 12:39:55] Simulator.INFO: Daren Goldner is making a bet. [] []
[2017-10-28 12:39:55] Simulator.INFO: Golda Ebert is making a bet. [] []
[2017-10-28 12:39:55] Simulator.INFO: Louie Cummings is making a bet. [] []
[2017-10-28 12:39:55] Simulator.INFO: Neha Hayes wins 72. [] []
[2017-10-28 12:39:55] Simulator.INFO: Daren Goldner wins 26. [] []
[2017-10-28 12:39:55] Simulator.INFO: Neha Hayes is making a bet. [] []
[2017-10-28 12:39:55] Simulator.INFO: Daren Goldner is making a bet. [] []
[2017-10-28 12:39:55] Simulator.INFO: Golda Ebert is making a bet. [] []
[2017-10-28 12:39:55] Simulator.INFO: Louie Cummings is making a bet. [] []
[2017-10-28 12:39:55] Simulator.INFO: Daren Goldner wins 46. [] []
[2017-10-28 12:39:55] Simulator.INFO: Neha Hayes is making a bet. [] []
[2017-10-28 12:39:55] Simulator.INFO: Daren Goldner is making a bet. [] []
[2017-10-28 12:39:55] Simulator.INFO: Golda Ebert is making a bet. [] []
[2017-10-28 12:39:55] Simulator.INFO: Louie Cummings is making a bet. [] []
[2017-10-28 12:39:55] Simulator.INFO: Daren Goldner wins 16. [] []
[2017-10-28 12:39:55] Simulator.INFO: Neha Hayes is making a bet. [] []
[2017-10-28 12:39:55] Simulator.INFO: Daren Goldner is making a bet. [] []
[2017-10-28 12:39:55] Simulator.INFO: Golda Ebert has lost. Player lost: 897 [] []
[2017-10-28 12:39:55] Simulator.INFO: Golda Ebert is being removed from simulation. [] []
[2017-10-28 12:39:55] Simulator.INFO: Louie Cummings has lost. Player lost: 885 [] []
[2017-10-28 12:39:55] Simulator.INFO: Louie Cummings is being removed from simulation. [] []
[2017-10-28 12:39:55] Simulator.INFO: Daren Goldner wins 32. [] []
[2017-10-28 12:39:55] Simulator.INFO: Neha Hayes is making a bet. [] []
[2017-10-28 12:39:55] Simulator.INFO: Daren Goldner is making a bet. [] []
[2017-10-28 12:39:55] Simulator.INFO: Neha Hayes has lost. Player lost: 870 [] []
[2017-10-28 12:39:55] Simulator.INFO: Neha Hayes is being removed from simulation. [] []
[2017-10-28 12:39:55] Simulator.INFO: Daren Goldner is making a bet. [] []
[2017-10-28 12:39:55] Simulator.INFO: Daren Goldner is making a bet. [] []
[2017-10-28 12:39:55] Simulator.INFO: Daren Goldner wins 224. [] []
[2017-10-28 12:39:55] Simulator.INFO: Daren Goldner is making a bet. [] []
[2017-10-28 12:39:55] Simulator.INFO: Daren Goldner wins 58. [] []
[2017-10-28 12:39:55] Simulator.INFO: Daren Goldner is making a bet. [] []
[2017-10-28 12:39:55] Simulator.INFO: Daren Goldner is making a bet. [] []
[2017-10-28 12:39:55] Simulator.INFO: Daren Goldner wins 128. [] []
[2017-10-28 12:39:55] Simulator.INFO: Daren Goldner is making a bet. [] []
[2017-10-28 12:39:55] Simulator.INFO: Daren Goldner is making a bet. [] []
[2017-10-28 12:39:55] Simulator.INFO: Daren Goldner is making a bet. [] []
[2017-10-28 12:39:55] Simulator.INFO: Daren Goldner is making a bet. [] []
[2017-10-28 12:39:55] Simulator.INFO: Daren Goldner has lost. Player lost: 162 [] []
[2017-10-28 12:39:55] Simulator.INFO: Daren Goldner is being removed from simulation. [] []
[2017-10-28 12:39:55] Simulator.INFO: Simulation has ended. [] []
[2017-10-28 13:04:24] Simulator.INFO: Starting the simulation. [] []
[2017-10-28 13:04:24] Simulator.INFO: Curt Satterfield is making a bet. [] []
[2017-10-28 13:04:24] Simulator.INFO: Oma Little is making a bet. [] []
[2017-10-28 13:04:24] Simulator.INFO: Andrew Dicki is making a bet. [] []
[2017-10-28 13:04:24] Simulator.INFO: Reyes Nader is making a bet. [] []
[2017-10-28 13:04:24] Simulator.INFO: Ari Dickens is making a bet. [] []
[2017-10-28 13:04:24] Simulator.INFO: Juliana Wolff is making a bet. [] []
[2017-10-28 13:04:24] Simulator.INFO: Zora Gleichner is making a bet. [] []
[2017-10-28 13:04:24] Simulator.INFO: Curt Satterfield wins 1656. [] []
[2017-10-28 13:04:24] Simulator.INFO: Oma Little wins 378. [] []
[2017-10-28 13:04:25] Simulator.INFO: Juliana Wolff wins 76. [] []
[2017-10-28 13:04:25] Simulator.INFO: Zora Gleichner wins 3780. [] []
[2017-10-28 13:04:25] Simulator.INFO: Curt Satterfield has won. Initial buy-in: 381. Final amount: 1991 [] []
[2017-10-28 13:04:25] Simulator.INFO: Curt Satterfield is being removed from simulation. [] []
[2017-10-28 13:04:25] Simulator.INFO: Oma Little is making a bet. [] []
[2017-10-28 13:04:25] Simulator.INFO: Andrew Dicki is making a bet. [] []
[2017-10-28 13:04:25] Simulator.INFO: Reyes Nader is making a bet. [] []
[2017-10-28 13:04:25] Simulator.INFO: Ari Dickens is making a bet. [] []
[2017-10-28 13:04:25] Simulator.INFO: Juliana Wolff is making a bet. [] []
[2017-10-28 13:04:25] Simulator.INFO: Zora Gleichner is making a bet. [] []
[2017-10-28 13:04:25] Simulator.INFO: Juliana Wolff wins 160. [] []
[2017-10-28 13:04:25] Simulator.INFO: Oma Little is making a bet. [] []
[2017-10-28 13:04:25] Simulator.INFO: Andrew Dicki is making a bet. [] []
[2017-10-28 13:04:25] Simulator.INFO: Reyes Nader is making a bet. [] []
[2017-10-28 13:04:25] Simulator.INFO: Ari Dickens has lost. Player lost: 384 [] []
[2017-10-28 13:04:25] Simulator.INFO: Ari Dickens is being removed from simulation. [] []
[2017-10-28 13:04:25] Simulator.INFO: Juliana Wolff is making a bet. [] []
[2017-10-28 13:04:25] Simulator.INFO: Zora Gleichner is making a bet. [] []
[2017-10-28 13:04:25] Simulator.INFO: Oma Little wins 756. [] []
[2017-10-28 13:04:25] Simulator.INFO: Andrew Dicki wins 1152. [] []
[2017-10-28 13:04:25] Simulator.INFO: Oma Little is making a bet. [] []
[2017-10-28 13:04:25] Simulator.INFO: Andrew Dicki is making a bet. [] []
[2017-10-28 13:04:25] Simulator.INFO: Reyes Nader is making a bet. [] []
[2017-10-28 13:04:25] Simulator.INFO: Juliana Wolff is making a bet. [] []
[2017-10-28 13:04:25] Simulator.INFO: Zora Gleichner is making a bet. [] []
[2017-10-28 13:04:25] Simulator.INFO: Zora Gleichner wins 5724. [] []
[2017-10-28 13:04:25] Simulator.INFO: Oma Little is making a bet. [] []
[2017-10-28 13:04:25] Simulator.INFO: Andrew Dicki is making a bet. [] []
[2017-10-28 13:04:25] Simulator.INFO: Reyes Nader is making a bet. [] []
[2017-10-28 13:04:25] Simulator.INFO: Juliana Wolff is making a bet. [] []
[2017-10-28 13:04:25] Simulator.INFO: Zora Gleichner has won. Initial buy-in: 608. Final amount: 9383 [] []
[2017-10-28 13:04:25] Simulator.INFO: Zora Gleichner is being removed from simulation. [] []
[2017-10-28 13:04:25] Simulator.INFO: Oma Little wins 492. [] []
[2017-10-28 13:04:25] Simulator.INFO: Andrew Dicki wins 576. [] []
[2017-10-28 13:04:25] Simulator.INFO: Oma Little is making a bet. [] []
[2017-10-28 13:04:25] Simulator.INFO: Andrew Dicki is making a bet. [] []
[2017-10-28 13:04:25] Simulator.INFO: Reyes Nader is making a bet. [] []
[2017-10-28 13:04:25] Simulator.INFO: Juliana Wolff is making a bet. [] []
[2017-10-28 13:04:25] Simulator.INFO: Juliana Wolff wins 1280. [] []
[2017-10-28 13:04:25] Simulator.INFO: Oma Little is making a bet. [] []
[2017-10-28 13:04:25] Simulator.INFO: Andrew Dicki is making a bet. [] []
[2017-10-28 13:04:25] Simulator.INFO: Reyes Nader is making a bet. [] []
[2017-10-28 13:04:25] Simulator.INFO: Juliana Wolff is making a bet. [] []
[2017-10-28 13:04:25] Simulator.INFO: Oma Little wins 680. [] []
[2017-10-28 13:04:25] Simulator.INFO: Juliana Wolff wins 150. [] []
[2017-10-28 13:04:25] Simulator.INFO: Oma Little is making a bet. [] []
[2017-10-28 13:04:25] Simulator.INFO: Andrew Dicki is making a bet. [] []
[2017-10-28 13:04:25] Simulator.INFO: Reyes Nader is making a bet. [] []
[2017-10-28 13:04:25] Simulator.INFO: Juliana Wolff is making a bet. [] []
[2017-10-28 13:04:25] Simulator.INFO: Andrew Dicki wins 1648. [] []
[2017-10-28 13:04:25] Simulator.INFO: Oma Little is making a bet. [] []
[2017-10-28 13:04:25] Simulator.INFO: Andrew Dicki is making a bet. [] []
[2017-10-28 13:04:25] Simulator.INFO: Reyes Nader is making a bet. [] []
[2017-10-28 13:04:25] Simulator.INFO: Juliana Wolff is making a bet. [] []
[2017-10-28 13:04:25] Simulator.INFO: Juliana Wolff wins 96. [] []
[2017-10-28 13:04:25] Simulator.INFO: Oma Little is making a bet. [] []
[2017-10-28 13:04:25] Simulator.INFO: Andrew Dicki is making a bet. [] []
[2017-10-28 13:04:25] Simulator.INFO: Reyes Nader has lost. Player lost: 621 [] []
[2017-10-28 13:04:25] Simulator.INFO: Reyes Nader is being removed from simulation. [] []
[2017-10-28 13:04:25] Simulator.INFO: Juliana Wolff is making a bet. [] []
[2017-10-28 13:04:25] Simulator.INFO: Juliana Wolff wins 170. [] []
[2017-10-28 13:04:25] Simulator.INFO: Oma Little is making a bet. [] []
[2017-10-28 13:04:25] Simulator.INFO: Andrew Dicki is making a bet. [] []
[2017-10-28 13:04:25] Simulator.INFO: Juliana Wolff is making a bet. [] []
[2017-10-28 13:04:25] Simulator.INFO: Oma Little wins 2560. [] []
[2017-10-28 13:04:25] Simulator.INFO: Juliana Wolff wins 114. [] []
[2017-10-28 13:04:25] Simulator.INFO: Oma Little is making a bet. [] []
[2017-10-28 13:04:25] Simulator.INFO: Andrew Dicki is making a bet. [] []
[2017-10-28 13:04:25] Simulator.INFO: Juliana Wolff is making a bet. [] []
[2017-10-28 13:04:25] Simulator.INFO: Oma Little wins 302. [] []
[2017-10-28 13:04:25] Simulator.INFO: Juliana Wolff wins 76. [] []
[2017-10-28 13:04:25] Simulator.INFO: Oma Little is making a bet. [] []
[2017-10-28 13:04:25] Simulator.INFO: Andrew Dicki has lost. Player lost: 515 [] []
[2017-10-28 13:04:25] Simulator.INFO: Andrew Dicki is being removed from simulation. [] []
[2017-10-28 13:04:25] Simulator.INFO: Juliana Wolff is making a bet. [] []
[2017-10-28 13:04:25] Simulator.INFO: Oma Little wins 320. [] []
[2017-10-28 13:04:25] Simulator.INFO: Juliana Wolff wins 132. [] []
[2017-10-28 13:04:25] Simulator.INFO: Oma Little is making a bet. [] []
[2017-10-28 13:04:25] Simulator.INFO: Juliana Wolff is making a bet. [] []
[2017-10-28 13:04:25] Simulator.INFO: Oma Little is making a bet. [] []
[2017-10-28 13:04:25] Simulator.INFO: Juliana Wolff is making a bet. [] []
[2017-10-28 13:04:25] Simulator.INFO: Oma Little wins 492. [] []
[2017-10-28 13:04:25] Simulator.INFO: Oma Little is making a bet. [] []
[2017-10-28 13:04:25] Simulator.INFO: Juliana Wolff is making a bet. [] []
[2017-10-28 13:04:25] Simulator.INFO: Oma Little wins 340. [] []
[2017-10-28 13:04:25] Simulator.INFO: Juliana Wolff wins 416. [] []
[2017-10-28 13:04:25] Simulator.INFO: Oma Little is making a bet. [] []
[2017-10-28 13:04:25] Simulator.INFO: Juliana Wolff is making a bet. [] []
[2017-10-28 13:04:25] Simulator.INFO: Oma Little wins 208. [] []
[2017-10-28 13:04:25] Simulator.INFO: Juliana Wolff wins 178. [] []
[2017-10-28 13:04:25] Simulator.INFO: Oma Little is making a bet. [] []
[2017-10-28 13:04:25] Simulator.INFO: Juliana Wolff is making a bet. [] []
[2017-10-28 13:04:25] Simulator.INFO: Juliana Wolff wins 150. [] []
[2017-10-28 13:04:25] Simulator.INFO: Oma Little is making a bet. [] []
[2017-10-28 13:04:25] Simulator.INFO: Juliana Wolff is making a bet. [] []
[2017-10-28 13:04:25] Simulator.INFO: Oma Little wins 528. [] []
[2017-10-28 13:04:25] Simulator.INFO: Juliana Wolff wins 178. [] []
[2017-10-28 13:04:25] Simulator.INFO: Oma Little is making a bet. [] []
[2017-10-28 13:04:25] Simulator.INFO: Juliana Wolff is making a bet. [] []
[2017-10-28 13:04:25] Simulator.INFO: Juliana Wolff wins 160. [] []
[2017-10-28 13:04:25] Simulator.INFO: Oma Little is making a bet. [] []
[2017-10-28 13:04:25] Simulator.INFO: Juliana Wolff is making a bet. [] []
[2017-10-28 13:04:25] Simulator.INFO: Juliana Wolff wins 94. [] []
[2017-10-28 13:04:25] Simulator.INFO: Oma Little is making a bet. [] []
[2017-10-28 13:04:25] Simulator.INFO: Juliana Wolff is making a bet. [] []
[2017-10-28 13:04:25] Simulator.INFO: Oma Little is making a bet. [] []
[2017-10-28 13:04:25] Simulator.INFO: Juliana Wolff is making a bet. [] []
[2017-10-28 13:04:25] Simulator.INFO: Oma Little is making a bet. [] []
[2017-10-28 13:04:25] Simulator.INFO: Juliana Wolff is making a bet. [] []
[2017-10-28 13:04:25] Simulator.INFO: Juliana Wolff wins 456. [] []
[2017-10-28 13:04:25] Simulator.INFO: Oma Little is making a bet. [] []
[2017-10-28 13:04:25] Simulator.INFO: Juliana Wolff is making a bet. [] []
[2017-10-28 13:04:25] Simulator.INFO: Oma Little wins 5440. [] []
[2017-10-28 13:04:25] Simulator.INFO: Juliana Wolff wins 160. [] []
[2017-10-28 13:04:25] Simulator.INFO: Oma Little has won. Initial buy-in: 944. Final amount: 5440 [] []
[2017-10-28 13:04:25] Simulator.INFO: Oma Little is being removed from simulation. [] []
[2017-10-28 13:04:25] Simulator.INFO: Juliana Wolff is making a bet. [] []
[2017-10-28 13:04:25] Simulator.INFO: Juliana Wolff is making a bet. [] []
[2017-10-28 13:04:25] Simulator.INFO: Juliana Wolff is making a bet. [] []
[2017-10-28 13:04:25] Simulator.INFO: Juliana Wolff wins 752. [] []
[2017-10-28 13:04:25] Simulator.INFO: Juliana Wolff is making a bet. [] []
[2017-10-28 13:04:25] Simulator.INFO: Juliana Wolff wins 56. [] []
[2017-10-28 13:04:25] Simulator.INFO: Juliana Wolff is making a bet. [] []
[2017-10-28 13:04:25] Simulator.INFO: Juliana Wolff wins 178. [] []
[2017-10-28 13:04:25] Simulator.INFO: Juliana Wolff has won. Initial buy-in: 471. Final amount: 2405 [] []
[2017-10-28 13:04:25] Simulator.INFO: Juliana Wolff is being removed from simulation. [] []
[2017-10-28 13:04:25] Simulator.INFO: Simulation has ended. [] []
